<?xml version="1.0" encoding="UTF-8"?>
<!-- Generated by org.testng.reporters.JUnitXMLReporter -->
<testsuite ignored="0" hostname="BSC-C3SR6C2" failures="0" tests="4" name="Admin Portal" time="73.088" errors="0" timestamp="11 May 2021 19:02:32 GMT">
  <testcase classname="org.simplilearn.workshop.admin.adminDashboardTest" name="selectFeature" time="5.715"/>
  <testcase classname="org.simplilearn.workshop.admin.adminDashboardTest" name="userBlock" time="4.764"/>
  <testcase classname="org.simplilearn.workshop.admin.adminDashboardTest" name="userActivate" time="4.648"/>
  <testcase classname="org.simplilearn.workshop.admin.adminDashboardTest" name="chequeBookRequest" time="8.258"/>
</testsuite> <!-- Admin Portal -->
