<?xml version="1.0" encoding="UTF-8"?>
<!-- Generated by org.testng.reporters.JUnitXMLReporter -->
<testsuite ignored="0" hostname="BSC-C3SR6C2" failures="0" tests="8" name="User Portal" time="137.918" errors="0" timestamp="11 May 2021 19:01:19 GMT">
  <testcase classname="org.simplilearn.workshop.user.userDashboardTest" name="deposit" time="5.281"/>
  <testcase classname="org.simplilearn.workshop.user.userDashboardTest" name="withdraw" time="5.36"/>
  <testcase classname="org.simplilearn.workshop.user.userDashboardTest" name="transfer" time="5.483"/>
  <testcase classname="org.simplilearn.workshop.user.userDashboardTest" name="requestCheckBook" time="5.201"/>
  <testcase classname="org.simplilearn.workshop.user.userDashboardTest" name="transactionHistory" time="3.86"/>
  <testcase classname="org.simplilearn.workshop.user.userDashboardTest" name="transferHistory" time="3.734"/>
  <testcase classname="org.simplilearn.workshop.user.userDashboardTest" name="editProfile" time="6.703"/>
  <testcase classname="org.simplilearn.workshop.user.userDashboardTest" name="changePassword" time="5.86"/>
</testsuite> <!-- User Portal -->
